#
# There is insufficient memory for the Java Runtime Environment to continue.
# Native memory allocation (malloc) failed to allocate 1048576 bytes for AllocateHeap
# Possible reasons:
#   The system is out of physical RAM or swap space
#   In 32 bit mode, the process size limit was hit
# Possible solutions:
#   Reduce memory load on the system
#   Increase physical memory or swap space
#   Check if swap backing store is full
#   Use 64 bit Java on a 64 bit OS
#   Decrease Java heap size (-Xmx/-Xms)
#   Decrease number of Java threads
#   Decrease Java thread stack sizes (-Xss)
#   Set larger code cache with -XX:ReservedCodeCacheSize=
# This output file may be truncated or incomplete.
#
#  Out of Memory Error (memory/allocation.inline.hpp:61), pid=25572, tid=0x000000000000740c
#
# JRE version:  (8.0) (build )
# Java VM: OpenJDK 64-Bit Server VM (25.71-b00 mixed mode windows-amd64 compressed oops)
# Failed to write core dump. Minidumps are not enabled by default on client versions of Windows
#

---------------  T H R E A D  ---------------

Current thread (0x00000000030b2800):  JavaThread "Unknown thread" [_thread_in_vm, id=29708, stack(0x0000000002fb0000,0x00000000030b0000)]

Stack: [0x0000000002fb0000,0x00000000030b0000]
[error occurred during error reporting (printing stack bounds), id 0xc0000005]

Native frames: (J=compiled Java code, j=interpreted, Vv=VM code, C=native code)


---------------  P R O C E S S  ---------------

Java Threads: ( => current thread )

Other Threads:

=>0x00000000030b2800 (exited) JavaThread "Unknown thread" [_thread_in_vm, id=29708, stack(0x0000000002fb0000,0x00000000030b0000)]

VM state:not at safepoint (normal execution)

VM Mutex/Monitor currently owned by a thread: None

Heap:
 PSYoungGen      total 37888K, used 655K [0x00000000d6980000, 0x00000000d9380000, 0x0000000100000000)
  eden space 32768K, 2% used [0x00000000d6980000,0x00000000d6a23d80,0x00000000d8980000)
  from space 5120K, 0% used [0x00000000d8e80000,0x00000000d8e80000,0x00000000d9380000)
  to   space 5120K, 0% used [0x00000000d8980000,0x00000000d8980000,0x00000000d8e80000)
 ParOldGen       total 86016K, used 0K [0x0000000083c00000, 0x0000000089000000, 0x00000000d6980000)
  object space 86016K, 0% used [0x0000000083c00000,0x0000000083c00000,0x0000000089000000)
 Metaspace       used 777K, capacity 4480K, committed 4480K, reserved 1056768K
  class space    used 74K, capacity 384K, committed 384K, reserved 1048576K

Card table byte_map: [0x0000000012570000,0x0000000012960000] byte_map_base: 0x0000000012152000

Marking Bits: (ParMarkBitMap*) 0x000000007275be50
 Begin Bits: [0x0000000013b00000, 0x0000000015a10000)
 End Bits:   [0x0000000015a10000, 0x0000000017920000)

Polling page: 0x00000000013e0000

CodeCache: size=245760Kb used=328Kb max_used=328Kb free=245431Kb
 bounds [0x00000000031b0000, 0x0000000003420000, 0x00000000121b0000]
 total_blobs=57 nmethods=0 adapters=38
 compilation: enabled

Compilation events (0 events):
No events

GC Heap History (0 events):
No events

Deoptimization events (0 events):
No events

Classes redefined (0 events):
No events

Internal exceptions (0 events):
No events

Events (10 events):
Event: 0.012 loading class java/lang/Short
Event: 0.012 loading class java/lang/Short done
Event: 0.012 loading class java/lang/Integer
Event: 0.012 loading class java/lang/Integer done
Event: 0.012 loading class java/lang/Long
Event: 0.012 loading class java/lang/Long done
Event: 0.012 loading class java/lang/NullPointerException
Event: 0.012 loading class java/lang/NullPointerException done
Event: 0.012 loading class java/lang/ArithmeticException
Event: 0.012 loading class java/lang/ArithmeticException done


Dynamic libraries:
0x00007ff699640000 - 0x00007ff699675000 	C:\Program Files\Unity\Hub\Editor\2021.1.1f1\Editor\Data\PlaybackEngines\AndroidPlayer\OpenJDK\bin\java.exe
0x00007ff9ae330000 - 0x00007ff9ae525000 	C:\WINDOWS\SYSTEM32\ntdll.dll
0x00007ff9ad970000 - 0x00007ff9ada2e000 	C:\WINDOWS\System32\KERNEL32.DLL
0x00007ff9abb90000 - 0x00007ff9abe58000 	C:\WINDOWS\System32\KERNELBASE.dll
0x00007ff9ae240000 - 0x00007ff9ae2ec000 	C:\WINDOWS\System32\ADVAPI32.dll
0x00007ff9acb10000 - 0x00007ff9acbae000 	C:\WINDOWS\System32\msvcrt.dll
0x00007ff9ae0c0000 - 0x00007ff9ae15b000 	C:\WINDOWS\System32\sechost.dll
0x00007ff9acbb0000 - 0x00007ff9accda000 	C:\WINDOWS\System32\RPCRT4.dll
0x00007ff9adb40000 - 0x00007ff9adce1000 	C:\WINDOWS\System32\USER32.dll
0x00007ff9ac050000 - 0x00007ff9ac072000 	C:\WINDOWS\System32\win32u.dll
0x00007ff9ad940000 - 0x00007ff9ad96b000 	C:\WINDOWS\System32\GDI32.dll
0x00007ff9ac1e0000 - 0x00007ff9ac2eb000 	C:\WINDOWS\System32\gdi32full.dll
0x00007ff9abfb0000 - 0x00007ff9ac04d000 	C:\WINDOWS\System32\msvcp_win.dll
0x00007ff9abeb0000 - 0x00007ff9abfb0000 	C:\WINDOWS\System32\ucrtbase.dll
0x00007ff991c40000 - 0x00007ff991eda000 	C:\WINDOWS\WinSxS\amd64_microsoft.windows.common-controls_6595b64144ccf1df_6.0.19041.1110_none_60b5254171f9507e\COMCTL32.dll
0x00007ff9aca10000 - 0x00007ff9aca40000 	C:\WINDOWS\System32\IMM32.DLL
0x00000000727e0000 - 0x00000000728b2000 	C:\Program Files\Unity\Hub\Editor\2021.1.1f1\Editor\Data\PlaybackEngines\AndroidPlayer\OpenJDK\jre\bin\msvcr100.dll
0x0000000071f90000 - 0x00000000727d9000 	C:\Program Files\Unity\Hub\Editor\2021.1.1f1\Editor\Data\PlaybackEngines\AndroidPlayer\OpenJDK\jre\bin\server\jvm.dll
0x00007ff9ad850000 - 0x00007ff9ad858000 	C:\WINDOWS\System32\PSAPI.DLL
0x00007ff99dc50000 - 0x00007ff99dc77000 	C:\WINDOWS\SYSTEM32\WINMM.dll
0x00007ff9a2d10000 - 0x00007ff9a2d1a000 	C:\WINDOWS\SYSTEM32\VERSION.dll
0x00007ff990f80000 - 0x00007ff990f89000 	C:\WINDOWS\SYSTEM32\WSOCK32.dll
0x00007ff9adcf0000 - 0x00007ff9add5b000 	C:\WINDOWS\System32\WS2_32.dll
0x00007ff972c80000 - 0x00007ff972c8f000 	C:\Program Files\Unity\Hub\Editor\2021.1.1f1\Editor\Data\PlaybackEngines\AndroidPlayer\OpenJDK\jre\bin\verify.dll
0x00007ff966860000 - 0x00007ff966889000 	C:\Program Files\Unity\Hub\Editor\2021.1.1f1\Editor\Data\PlaybackEngines\AndroidPlayer\OpenJDK\jre\bin\java.dll
0x00007ff966a60000 - 0x00007ff966a76000 	C:\Program Files\Unity\Hub\Editor\2021.1.1f1\Editor\Data\PlaybackEngines\AndroidPlayer\OpenJDK\jre\bin\zip.dll

VM Arguments:
jvm_args: -Dfile.encoding=UTF-8 
java_command: <unknown>
java_class_path (initial): .
Launcher Type: SUN_STANDARD

Environment Variables:
JAVA_TOOL_OPTIONS=-Dfile.encoding=UTF-8
PATH=C:\Program Files\Oculus\Support\oculus-runtime;C:\Windows\system32;C:\Windows;C:\Windows\System32\Wbem;C:\Windows\System32\WindowsPowerShell\v1.0\;C:\Windows\System32\OpenSSH\;C:\Program Files (x86)\NVIDIA Corporation\PhysX\Common;C:\Program Files\NVIDIA Corporation\NVIDIA NvDLISR;C:\WINDOWS\system32;C:\WINDOWS;C:\WINDOWS\System32\Wbem;C:\WINDOWS\System32\WindowsPowerShell\v1.0\;C:\WINDOWS\System32\OpenSSH\;C:\Program Files\Git LFS;C:\Program Files\Git\cmd;C:\Program Files\dotnet\;C:\Users\jonat\AppData\Local\Microsoft\WindowsApps;C:\Users\jonat\AppData\Local\GitHubDesktop\bin;C:\Users\jonat\.dotnet\tools
USERNAME=Jonat
OS=Windows_NT
PROCESSOR_IDENTIFIER=Intel64 Family 6 Model 165 Stepping 5, GenuineIntel



---------------  S Y S T E M  ---------------

OS: Windows 10.0 , 64 bit Build 19041 (10.0.19041.1348)

CPU:total 20 (initial active 20) (10 cores per cpu, 2 threads per core) family 6 model 165 stepping 5, cmov, cx8, fxsr, mmx, sse, sse2, sse3, ssse3, sse4.1, sse4.2, popcnt, avx, avx2, aes, clmul, erms, 3dnowpref, lzcnt, ht, tsc, tscinvbit, bmi1, bmi2, adx

Memory: 4k page, physical 8138248k(517124k free), swap 33304072k(6208k free)

vm_info: OpenJDK 64-Bit Server VM (25.71-b00) for windows-amd64 JRE (1.8.0-adoptopenjdk-_2018_05_19_00_59-b00), built on May 19 2018 01:02:12 by "jenkins" with MS VC++ 10.0 (VS2010)

time: Mon Nov 22 11:40:21 2021
elapsed time: 0 seconds (0d 0h 0m 0s)

